<?xml version="1.0" encoding="UTF-8"?>
<testsuite name="glx.com.StarWarsStore.test.controllers.StarWarsStoreTest" tests="5" skipped="0" failures="0" errors="0" timestamp="2017-04-27T07:18:21" hostname="MacBook-Pro-de-Luciano.local" time="1.139">
  <properties/>
  <testcase name="readProductTest" classname="glx.com.StarWarsStore.test.controllers.StarWarsStoreTest" time="0.7"/>
  <testcase name="createProductTest" classname="glx.com.StarWarsStore.test.controllers.StarWarsStoreTest" time="0.164"/>
  <testcase name="readStoryTest" classname="glx.com.StarWarsStore.test.controllers.StarWarsStoreTest" time="0.115"/>
  <testcase name="createTransactionTest" classname="glx.com.StarWarsStore.test.controllers.StarWarsStoreTest" time="0.092"/>
  <testcase name="readProdcutsTest" classname="glx.com.StarWarsStore.test.controllers.StarWarsStoreTest" time="0.055"/>
  <system-out><![CDATA[04:18:02.830 [Test worker] DEBUG org.springframework.test.context.junit4.SpringJUnit4ClassRunner - SpringJUnit4ClassRunner constructor called with [class glx.com.StarWarsStore.test.controllers.StarWarsStoreTest]
04:18:02.851 [Test worker] DEBUG org.springframework.test.context.BootstrapUtils - Instantiating CacheAwareContextLoaderDelegate from class [org.springframework.test.context.cache.DefaultCacheAwareContextLoaderDelegate]
04:18:02.862 [Test worker] DEBUG org.springframework.test.context.BootstrapUtils - Instantiating BootstrapContext using constructor [public org.springframework.test.context.support.DefaultBootstrapContext(java.lang.Class,org.springframework.test.context.CacheAwareContextLoaderDelegate)]
04:18:02.882 [Test worker] DEBUG org.springframework.test.context.BootstrapUtils - Instantiating TestContextBootstrapper for test class [glx.com.StarWarsStore.test.controllers.StarWarsStoreTest] from class [org.springframework.boot.test.context.SpringBootTestContextBootstrapper]
04:18:02.902 [Test worker] INFO org.springframework.boot.test.context.SpringBootTestContextBootstrapper - Neither @ContextConfiguration nor @ContextHierarchy found for test class [glx.com.StarWarsStore.test.controllers.StarWarsStoreTest], using SpringBootContextLoader
04:18:02.908 [Test worker] DEBUG org.springframework.test.context.support.AbstractContextLoader - Did not detect default resource location for test class [glx.com.StarWarsStore.test.controllers.StarWarsStoreTest]: class path resource [glx/com/StarWarsStore/test/controllers/StarWarsStoreTest-context.xml] does not exist
04:18:02.908 [Test worker] DEBUG org.springframework.test.context.support.AbstractContextLoader - Did not detect default resource location for test class [glx.com.StarWarsStore.test.controllers.StarWarsStoreTest]: class path resource [glx/com/StarWarsStore/test/controllers/StarWarsStoreTestContext.groovy] does not exist
04:18:02.909 [Test worker] INFO org.springframework.test.context.support.AbstractContextLoader - Could not detect default resource locations for test class [glx.com.StarWarsStore.test.controllers.StarWarsStoreTest]: no resource found for suffixes {-context.xml, Context.groovy}.
04:18:02.978 [Test worker] DEBUG org.springframework.test.context.support.ActiveProfilesUtils - Could not find an 'annotation declaring class' for annotation type [org.springframework.test.context.ActiveProfiles] and class [glx.com.StarWarsStore.test.controllers.StarWarsStoreTest]
04:18:03.035 [Test worker] DEBUG org.springframework.boot.test.context.SpringBootTestContextBootstrapper - @TestExecutionListeners is not present for class [glx.com.StarWarsStore.test.controllers.StarWarsStoreTest]: using defaults.
04:18:03.044 [Test worker] INFO org.springframework.boot.test.context.SpringBootTestContextBootstrapper - Loaded default TestExecutionListener class names from location [META-INF/spring.factories]: [org.springframework.boot.test.mock.mockito.MockitoTestExecutionListener, org.springframework.boot.test.mock.mockito.ResetMocksTestExecutionListener, org.springframework.boot.test.autoconfigure.restdocs.RestDocsTestExecutionListener, org.springframework.boot.test.autoconfigure.web.client.MockRestServiceServerResetTestExecutionListener, org.springframework.boot.test.autoconfigure.web.servlet.MockMvcPrintOnlyOnFailureTestExecutionListener, org.springframework.boot.test.autoconfigure.web.servlet.WebDriverTestExecutionListener, org.springframework.test.context.web.ServletTestExecutionListener, org.springframework.test.context.support.DirtiesContextBeforeModesTestExecutionListener, org.springframework.test.context.support.DependencyInjectionTestExecutionListener, org.springframework.test.context.support.DirtiesContextTestExecutionListener, org.springframework.test.context.transaction.TransactionalTestExecutionListener, org.springframework.test.context.jdbc.SqlScriptsTestExecutionListener]
04:18:03.074 [Test worker] INFO org.springframework.boot.test.context.SpringBootTestContextBootstrapper - Using TestExecutionListeners: [org.springframework.test.context.web.ServletTestExecutionListener@114cfc5a, org.springframework.test.context.support.DirtiesContextBeforeModesTestExecutionListener@3d895345, org.springframework.boot.test.autoconfigure.SpringBootDependencyInjectionTestExecutionListener@5321a346, org.springframework.test.context.support.DirtiesContextTestExecutionListener@65810ed8, org.springframework.test.context.transaction.TransactionalTestExecutionListener@1359801e, org.springframework.test.context.jdbc.SqlScriptsTestExecutionListener@64bdea4b, org.springframework.boot.test.autoconfigure.web.servlet.MockMvcPrintOnlyOnFailureTestExecutionListener@3a585e09, org.springframework.boot.test.mock.mockito.ResetMocksTestExecutionListener@57c26054, org.springframework.boot.test.autoconfigure.restdocs.RestDocsTestExecutionListener@84443c2, org.springframework.boot.test.autoconfigure.web.client.MockRestServiceServerResetTestExecutionListener@3a00f33, org.springframework.boot.test.autoconfigure.web.servlet.WebDriverTestExecutionListener@7bf0a158, org.springframework.boot.test.mock.mockito.MockitoTestExecutionListener@3f74aeb2]
04:18:03.078 [Test worker] DEBUG org.springframework.test.annotation.ProfileValueUtils - Retrieved @ProfileValueSourceConfiguration [null] for test class [glx.com.StarWarsStore.test.controllers.StarWarsStoreTest]
04:18:03.079 [Test worker] DEBUG org.springframework.test.annotation.ProfileValueUtils - Retrieved ProfileValueSource type [class org.springframework.test.annotation.SystemProfileValueSource] for class [glx.com.StarWarsStore.test.controllers.StarWarsStoreTest]
04:18:03.080 [Test worker] DEBUG org.springframework.test.annotation.ProfileValueUtils - Retrieved @ProfileValueSourceConfiguration [null] for test class [glx.com.StarWarsStore.test.controllers.StarWarsStoreTest]
04:18:03.081 [Test worker] DEBUG org.springframework.test.annotation.ProfileValueUtils - Retrieved ProfileValueSource type [class org.springframework.test.annotation.SystemProfileValueSource] for class [glx.com.StarWarsStore.test.controllers.StarWarsStoreTest]
04:18:03.089 [Test worker] DEBUG org.springframework.test.context.support.AbstractDirtiesContextTestExecutionListener - Before test class: context [DefaultTestContext@19c26339 testClass = StarWarsStoreTest, testInstance = [null], testMethod = [null], testException = [null], mergedContextConfiguration = [WebMergedContextConfiguration@7bdf1fdc testClass = StarWarsStoreTest, locations = '{}', classes = '{class glx.com.StarWarsStore.Application, class glx.com.StarWarsStore.Application}', contextInitializerClasses = '[]', activeProfiles = '{}', propertySourceLocations = '{}', propertySourceProperties = '{org.springframework.boot.test.context.SpringBootTestContextBootstrapper=true}', contextCustomizers = set[org.springframework.boot.test.context.SpringBootTestContextCustomizer@4a045f3c, org.springframework.boot.test.context.filter.ExcludeFilterContextCustomizer@70518d7d, org.springframework.boot.test.mock.mockito.MockitoContextCustomizer@0, org.springframework.boot.test.autoconfigure.properties.PropertyMappingContextCustomizer@0, org.springframework.boot.test.autoconfigure.web.servlet.WebDriverContextCustomizerFactory$Customizer@7f26c2f0, org.springframework.test.context.web.socket.MockServerContainerContextCustomizer@693dd367], resourceBasePath = 'src/main/webapp', contextLoader = 'org.springframework.boot.test.context.SpringBootContextLoader', parent = [null]]], class annotated with @DirtiesContext [false] with mode [null].
04:18:03.090 [Test worker] DEBUG org.springframework.test.annotation.ProfileValueUtils - Retrieved @ProfileValueSourceConfiguration [null] for test class [glx.com.StarWarsStore.test.controllers.StarWarsStoreTest]
04:18:03.091 [Test worker] DEBUG org.springframework.test.annotation.ProfileValueUtils - Retrieved ProfileValueSource type [class org.springframework.test.annotation.SystemProfileValueSource] for class [glx.com.StarWarsStore.test.controllers.StarWarsStoreTest]
04:18:03.202 [Test worker] DEBUG org.springframework.core.env.StandardEnvironment - Adding [systemProperties] PropertySource with lowest search precedence
04:18:03.202 [Test worker] DEBUG org.springframework.core.env.StandardEnvironment - Adding [systemEnvironment] PropertySource with lowest search precedence
04:18:03.203 [Test worker] DEBUG org.springframework.core.env.StandardEnvironment - Initialized StandardEnvironment with PropertySources [systemProperties,systemEnvironment]
04:18:03.206 [Test worker] DEBUG org.springframework.core.env.MutablePropertySources - Adding [inline] PropertySource with highest search precedence
04:18:03.213 [Test worker] DEBUG org.springframework.test.context.support.TestPropertySourceUtils - Adding inlined properties to environment: {spring.jmx.enabled=false, org.springframework.boot.test.context.SpringBootTestContextBootstrapper=true, server.port=-1}
04:18:03.214 [Test worker] DEBUG org.springframework.core.env.StandardEnvironment - Adding [Inlined Test Properties] PropertySource with highest search precedence
                                                                                                                                                                                                        
                                                                                                                                                                                                        
                                                                                                                                                                                                        
                                                                                                                                                                                                        
                                                                                                                                                                                                        
                                                                                                                                                                                                        
                                                                                                                                                                                                        
           ```````````````````   ```````    `````````              ```````````````````    `'##'`     `````````    ```````````                             ```````    `:#@+,     ````      ````          
          @@@@@@@@@@@@@@@@@@@@   @@@@@@+   .@@@@@@@@@#            @@@@@@@@@@@@@@@@@@@@   #@@@@@@@`   @@@@@@@@@@.  #@@@@@@@@@@                           ;@@@@@@@@.  +@@@@@@@:   @@@@,    '@@@@          
         .@@@@@@@@@@@@@@@@@@@@   @@@@@@@   .@@@@@@@@@@+          ,@@@@@@@@@@@@@@@@@@@@  @@@@@@@@@@   @@@@@@@@@@@  #@@@@@@@@@@                          +@@@@@@@@@. '@@@@@@@@@.  @@@@#    @@@@@          
         +@@@@@@@@@@@@@@@@@@@@  .@@@@@@@   .@@@@@@@@@@@          #@@@@@@@@@@@@@@@@@@@@ :@@@@@@@@@@#  @@@@@@@@@@@+ #@@@@@@@@@@                         ;@@@@@@@@@@.`@@@@@@@@@@@  @@@@@   `@@@@@          
         @@@@@@@@@@@@@@@@@@@@@  '@@@@@@@   .@@@@@@@@@@@'         @@@@@@@@@@@@@@@@@@@@@ @@@@@@@@@@@@  @@@@@@@@@@@@ #@@@@@@@@@@                         @@@@@@@@@@@.@@@@@@@@@@@@; @@@@@,  ;@@@@@          
         @@@@@@@@@@@@@@@@@@@@@  #@@@'@@@:  .@@@@+++#@@@#         @@@@@@@@@@@@@@@@@@@@@.@@@@@@@@@@@@+ @@@@#+++@@@@ #@@@@@@@@@@                        ;@@@@@@@@@@@.@@@@@@@@@@@@@ @@@@@#  @@@@@@          
         @@@@@@@@@@@@@@@@@@@@@  @@@@`@@@#  .@@@@    @@@#         @@@@@@@@@@@@@@@@@@@@@'@@@@+  `@@@@@ @@@@'   '@@@ #@@@@@@@@@@                        @@@@@@@@@@@@:@@@@@` `@@@@@ @@@@@@  @@@@@@          
         '@@@@:       @@@@      @@@@ @@@@  .@@@@    @@@#         +@@@@,       @@@@    @@@@@    '@@@@ @@@@'   :@@@ #@@@`                              @@@@@.      :@@@@.   .@@@@`@@@@@@,;@@@@@@          
         `@@@@@       @@@@     .@@@' @@@@  .@@@@    @@@+         `@@@@@       @@@@    @@@@#    `@@@@ @@@@'   '@@@ #@@@`                             `@@@@:       +@@@@     @@@@:@@@@@@@@@@@@@@          
          @@@@@;      @@@@     ;@@@. #@@@` .@@@@@@@@@@@:          @@@@@;      @@@@    @@@@'     @@@@`@@@@@@@@@@@@ #@@@@@@@+                         `@@@@`       @@@@@     @@@@'@@@@@@@@@@@@@@          
          ,@@@@@      @@@@     #@@@  :@@@: .@@@@@@@@@@@           :@@@@@      @@@@    @@@@;     @@@@`@@@@@@@@@@@: #@@@@@@@+                         .@@@@        @@@@#     @@@@'@@@@@@@@@@@@@@          
           @@@@@#     @@@@     @@@@  `@@@+ .@@@@@@@@@@`            @@@@@+     @@@@    @@@@;     @@@@`@@@@@@@@@@+  #@@@@@@@+                         `@@@@        @@@@#     @@@@'@@@@@@@@@@@@@@          
           `@@@@@     @@@@     @@@@   @@@@ .@@@@@@@@#`             .@@@@@     @@@@    @@@@'     @@@@`@@@@@@@@@:   #@@@####'                         `@@@@`       #@@@@     @@@@;@@@@@@@@@@@@@@          
            '@@@@:    @@@@    .@@@@@@@@@@@ .@@@@@@@@#               '@@@@.    @@@@    @@@@#     @@@@ @@@@@@@@@    #@@@`                              @@@@@       '@@@@     @@@@.@@@@;@@@@,@@@@          
     ```````#@@@@#    @@@@    '@@@@@@@@@@@ .@@@@#@@@@````   ````````#@@@@'    @@@@    #@@@@    '@@@@ @@@@+@@@@+```@@@@````````                       @@@@@@,`````,@@@@.   .@@@@ @@@@`@@@@`@@@@          
    #@@@@@@@@@@@@#    @@@@    @@@@@@@@@@@@;.@@@@ @@@@@@@@   @@@@@@@@@@@@@#    @@@@    ,@@@@+` :@@@@# @@@@'+@@@@@@@@@@@@@@@@@@@         ;;;;          +@@@@@@@@@@@.@@@@@. .@@@@@ @@@@ @@@#`@@@@          
    #@@@@@@@@@@@@@    @@@@    @@@@@@@@@@@@#.@@@@ '@@@@@@@   @@@@@@@@@@@@@#    @@@@     @@@@@@@@@@@@: @@@@' @@@@@@@@@@@@@@@@@@@         @@@@          `@@@@@@@@@@@.@@@@@@@@@@@@# @@@@ '@@,`@@@@          
    #@@@@@@@@@@@@#    @@@@    @@@@.   @@@@@.@@@@  @@@@@@@   @@@@@@@@@@@@@+    @@@@     #@@@@@@@@@@@  @@@@' ;@@@@@@@@@@@@@@@@@@         @@@@           #@@@@@@@@@@.;@@@@@@@@@@@. @@@@ `@@ `@@@@          
    #@@@@@@@@@@@@:    @@@@   ,@@@@    '@@@@.@@@@  `@@@@@@   @@@@@@@@@@@@@,    @@@@      @@@@@@@@@@,  @@@@'  @@@@@@@@@@@@@@@@@@         @@@@            @@@@@@@@@@. @@@@@@@@@@+  @@@@  @@  @@@@          
    #@@@@@@@@@@@@     @@@@   '@@@@    ,@@@@,@@@@   @@@@@@   @@@@@@@@@@@@@     @@@@      :@@@@@@@@+   @@@@'  .@@@@@@@@@@@@@@@@@         @@@@             @@@@@@@@@. `@@@@@@@@#   @@@@  +:  @@@@          
    #@@@@@@@@@@'`     @@@@   @@@@#     @@@@#@@@@    @@@@@   @@@@@@@@@@@'      @@@@       `+@@@@@.    @@@@'   +@@@@@@@@@@@@@@@@         @@@@              .'@@@@@@.   ;@@@@@:    @@@@  `   @@@@          
                                                                                                                                                                                                        
                                                                                                                                                                                                        
                                                                                                                                                                                                        
                                                                                                                                                                                                        
                                                                                                                                                                                                        
                                                                                                                                                                                                        
                                                                                                                                                                                                        
                                                                                                                                                                                                        
                                                                                                                                                                                                        
                                                                                                                                                                                                        
                                                                                                                                                                                                        
                                                                                                                                                                                                        
                                                                                                                                                                                                        
                                                                                                                                                                                                        
                                                                                                                                                                                                        
                                                                                                                                                                                                        
                                                                                                                                                                                                        
                                                                                                                                                                                                        
                                                                                                                                                                                                        
                 `        `#               +++++,          `            `;:        `.'`            ,;'` ` ` ,`             +           ;                 `        `;:           ,:          ,           
                '@        +@             `'@@@@@@#.       `,:          #@@@@.     ;@@@@.          #@@@+;@:@##@'`          :,           ',             '':@        @@@           @@         #@#          
                #@        #@.           #@@@@@@@@@@+      .@@+        :@@@@@@    #@@@@@@'         @@@@@@@@@@@@@@          @`           ,@           :;@;@;        @@@`          @@        `@@@` #       
                #@`       #@`          `@@@@@@@@@@@@#     #@@@        @@@@@@@   @@@@@@@@@;        #@@@@@@@@@@@@@#        +@             @;         ,@@@@#@+       @@@#`        `@@      #;#@@@@@`       
                +@`       ;@           `@@@@@@@@@@@@@     @@@@.       @@@@@@@. `@@@@@@@@@@         `+@@@@@@@@@@@@;       @,             '@       `@@@@@@@@@   `   '@@@@@       ,@@.     `@@@@@@@        
               '@@@      `'@,      `.'`.@@@@@@@@@@@@@     @@@@`       @@@@@@@; `@@@@@@@@@@         `@@@@@@@@@@@@@@.     ;@               @;      #@@@@@@@@@;  @.  #@@@@@       :@@+      ;@@@@@         
            . :@@@@#     @@@@#   ,@@@@@@@@@@@@@@@@@@@     :@@:       :@@@@@@@'  +@@@@@@@@#        :@@@@@@@@@@@@@@@@    `@'               #@     .@@@@@@@@@@'  +@ :@@@@@@      '@@@@#      .@@@:         
            ` @@@@@@`   .@@@@@  `@@@@@@@@@@@@@@@@@@@@:   .#@@@'      +@@@@@@@#    .@@@@. #,      +@@@@@@@@@@@@@@@@@`   #@                `@+    ,@@@@@@@@@@+  ;@ @@@@@@@:    `@@@@@@,      @@@;         
             `@@@@@@:   @@@@@@: ,@@@@@@@@@@@@@@@@@@@@:   @@@@@@.     @@@@@@@@@  ##@@@@@##@      #@@@@@@@@@@@@@@@@@@'   @#       .#.       @@    ,@@@@@@@@@@;  `@ @@@@@@@@    '@@@@@@#     ;@@@@#        
             @@@@@@@@  ,@'@@@;@ `@@@@@  @@@@@@@@@@@@@`    @@@@;      @@@@@@@@` '@@@@@@@@@@,   `@@@@@@@@@@@@@@@@@@@@@  '@.      #@@@+      ,@:   .@@@@@@@@@@`  `@;@@@@@@+@`   @@@@@@@@    '@@@@@@,       
            `@@@@@@@@  #;'@@# @  .@@,.  `@@@@@@@@@@@@     @@@@#     `@@@@@@@@  ;@@@@@@@@@@.  ,@@@@@@@@@@@@@@@@@@@@@@  #@      :@@@@@.      @: `@@@@@@@@@@@@   `@@@ @@@' @+   @@@@@@@@   :@@@@@@@@       
             @@@@@@@@  @ :@@; @`        :@@@@@#@@@@@@    .@@@@@     +@@@@@@@@  `@@@@@@@@@@  ;@@@@@@@@@@@@@@@@@@@@@@@  @@     '@@@@@@@'    `@# `@@@@@@@@@@@@;, .@@` '@@ ,@@   @@@@@@@@`  #@@@@@@@@       
             #.@@@@,@  # :@@' @         +@@@;. ,#@@@:    ;@@@@@     @@@@@@@@'   @@@@@@@@@@ `@@@@@@@@@@@@@@@@@@@@@@@@. @@,  :@@@@@@@@@@@: `+@@  @@@@@@@@@@.@@+ `@@ #'@@ #@#   @@@@@@@@.  @@@@@@@@@.      
             . @@@@:@ ., '@@@+'         @@@      @@@     #@@@@@     @@@@@@@@.   .'@@@@@@:` `:++'++@@@@@@@@@@@@@@@@@@; @@@##@@@@@@@@@@@@@#@@@@  `#@@@@@@@+:@@'  #` #@@@#@@    @@@@@@@@,  @@@@@@@@@:      
              ,@@@@+@ :, ;@@@;:         @@.     :@@@     @@@@@@.   .@@@@@@@@     @`@@@@@,       @@@@@@@@@@@@@@@@@@@@;:@@@@@@@@@@@@@@@@@@@@@@@`  ,; @@@@@.#@@:     `@@@@@:    @@@@@@@@: `@@@@@@@@@;      
              @@@@@#@ #` '@@@``        `@@      #@@@     @@@@@@+   ,@@@@@@@@     @ ;@@::'       @@@@@@@@@@@@@@@@@@@@':@@@@@@@@@@@@@@@@@@@@@@@`   '@@@@@@ @@@      `@@@@@#    @@@@@@@@; ,@@@@@@@@@,      
              +@@@@@@ .  '@@@          :@@      @@@@    `@@@@@@;   '@@@@@@@#     #. ;@@ '.      @@@@@@@@@@@@@@@@@@@@' @@@@#@@@@@@@@@@@@@'#@@@  :@@@@@ #@:@@.      ;@#+':#@:  @@@@@@@@+ :@@@@@@@@@;      
              +@@@@@#    ;@@@          @@+     `@@@@     @@@@@@,   @@@@@@@@,    : '+,@@@`:+ ,###;;@@@@@@@@@@@@@@@@@@: @@:  :#@@@@@@@@@+.  ;@@ `@@@@@@ @@@#+       @@  ,+ .'  @@@@@@@@# :@@@@@@@@@+      
              ;@@@@@`    ,@@@          @@,     +@.+@     @@@@@@`  `@@@@@@@@    `# `,.'#@'`,`@@@@@@@@@@@@@@@@@@@@@@@@` @@     :@@@@@@@.     @+ #@@@@, ,@@@#`       @,  `@     @@@@@@@@@ ;@@@@@@@@@@      
              +@@@@@     `@@@          @@      @@ +@     +@@@@@   `@@@@@@@@`    #  .;+@@' ` :@@@@@@@@@@@@@@@@@@@@@@@  +@      .@@@@@`      @; `@@@; .@@@@        ;@    @    `@@@@@@@@@ '@@@@@@@@@@      
              @@@@@@`     @;@          @@,     @@ :@     `@@@@,    '@@@@@@@+    `` @.:@      `@@@@@@@@@@@@@@@@@@@@@@  '@.      +@@@:      ;@,  :@,  .@@@@        @@`  `@.   `@@@@@@@@@ '@@@@@@@@@#      
              @@@@@@:     @@@,         +@@.    @# .@`     @@@@,    `@@@@@@@#     ;.:;;@        @@@@@@@@@@@@@@@@@@@@#   @#       .;`       @@   ,    @@@@@+'.     @@    @+   ,@@@@@@@@@ '@@@@@@@@@@      
              @@@@@@#     @@@;         @@@@`   @# `@,    `@@@@+     '@@@@@@@`    .+ .;;  +      #@@@@@@@@@@@@@@@@@@:   #@`               .@;        :@@@@@@@     @@    @@   :@@@@@@@@@ '@@@@@@@@@@;     
              @@` @@#     '@@:         @@@++  .@# .@#    :@@@@@      @@@@@@@.    `@:.#           ;@@@@@@@@@@@@@@@@@    `@+               #@         '@@@@@@@     @@`   @@   '@@@@@@@@@ ;@@@@@@@@@@@     
             `@'  ;@#     ,@@.         @@##@@.:@@ ,@@    +@@@@@     .@#```@@,   `+ ;;.            .@@@@@@@@@@@@@@@+     '@              `@,        `@@@@@@@@,    @@`   @@   +@@@@@@@@@  @@@@@@@@@@@     
             `@    ,@     `@#.        ':##@@@ +'# ::,`   @@@@@@.    @@@  +@@@   '@ .,,              @@@@@@@@@@@@@@`      @;             #@         #@@@@@@@@+    @@`   @@   #@@@@@@@@@  @@@@@@@@@@@     
             ,@     @      @;.        #@+:'@; #@# #@@`  :@@@@@@#   ;@@@:+@@@@`  '' .                 @@@@@@@@@@@@        '@             @.         +@@@@@@@@+    @@.   +@   @@@@@@@@@@  @@@@@@@@@@      
             +@     @      @,.        `@# +@  :@:  @@  '@@@@@@@@#  @@@@@#@@@@#  ,  @.  .             ,@@@@@@@@@@:         @`           ,@          @@@@@@@@@#    @@,   #@#  @@@@@@@@@@  '@@@@@@@@       
            `@@     @.     @:,        @@@` ,  @@@ #@@. #@@@@@@@@@:,@@@@@@@@@@@     :',:':             ,@@+@@#@@;          ;;           +.          +@@@@@@@@#   '@@;   #@@  @@@@@+@@#    @@:,@@+        
            ,,      '#    '#,+        @@@:   .@@@.@@@' `'@@@@@@@' #@@@@@@@@@@@`       `#:              `'.'';+.            '           :            ,,'@@@@;`  :@@;'    ,#. ;@@#' :;`    +,  ,+         
                                                           ```                                                                                         `;.                                              
                                                                                                                                                                                                        
                                                                                                                                                                                                        
                                                                                                                                                                                                        
                                                                                                                                                                                                        
                                                                                                                                                                                                        
                             @                                                                                                                                                                          
                `  `         `                                                                                                                                                                          
        ,@@    +@`@@@ @@`@@;@@                                                                                                                                                                          
        ,`@+ @ #  @ @ :`'@ +@                                                                                                                                                                           
        ,@@..# `@`# # : '@@`@@                                                                                                                                                                          
        ,`# #,  `;@ @ :`'@,,@                                                                                                                                                                           
        ,@@ @  @@,@@@ @@ @ @@@                                                                                                                                                                          
            @   `  `                                                                                                                                                                                    
        ,;;,#,                                                                                                                                                                                          
                                                                                                                                                                                                        
                                                                                                                                                                                                        
                                                                                                                                                                                                
2017-04-27 04:18:13.682  INFO 1287 --- [    Test worker] g.c.S.t.controllers.StarWarsStoreTest    : Starting StarWarsStoreTest on MacBook-Pro-de-Luciano.local with PID 1287 (started by lucianosodre in /Users/lucianosodre/Documents/desafio-backend/starstore)
2017-04-27 04:18:13.685  INFO 1287 --- [    Test worker] g.c.S.t.controllers.StarWarsStoreTest    : No active profile set, falling back to default profiles: default
2017-04-27 04:18:13.743  INFO 1287 --- [    Test worker] o.s.w.c.s.GenericWebApplicationContext   : Refreshing org.springframework.web.context.support.GenericWebApplicationContext@59e2b708: startup date [Thu Apr 27 04:18:13 BRT 2017]; root of context hierarchy
2017-04-27 04:18:15.789  INFO 1287 --- [    Test worker] trationDelegate$BeanPostProcessorChecker : Bean 'org.springframework.transaction.annotation.ProxyTransactionManagementConfiguration' of type [org.springframework.transaction.annotation.ProxyTransactionManagementConfiguration$$EnhancerBySpringCGLIB$$ff8b403b] is not eligible for getting processed by all BeanPostProcessors (for example: not eligible for auto-proxying)
2017-04-27 04:18:15.855  INFO 1287 --- [    Test worker] trationDelegate$BeanPostProcessorChecker : Bean 'org.springframework.cache.annotation.ProxyCachingConfiguration' of type [org.springframework.cache.annotation.ProxyCachingConfiguration$$EnhancerBySpringCGLIB$$489d7659] is not eligible for getting processed by all BeanPostProcessors (for example: not eligible for auto-proxying)
2017-04-27 04:18:15.893  INFO 1287 --- [    Test worker] trationDelegate$BeanPostProcessorChecker : Bean 'org.springframework.boot.autoconfigure.cache.CacheAutoConfiguration' of type [org.springframework.boot.autoconfigure.cache.CacheAutoConfiguration$$EnhancerBySpringCGLIB$$3d113afd] is not eligible for getting processed by all BeanPostProcessors (for example: not eligible for auto-proxying)
2017-04-27 04:18:15.941  INFO 1287 --- [    Test worker] trationDelegate$BeanPostProcessorChecker : Bean 'spring.cache-org.springframework.boot.autoconfigure.cache.CacheProperties' of type [org.springframework.boot.autoconfigure.cache.CacheProperties] is not eligible for getting processed by all BeanPostProcessors (for example: not eligible for auto-proxying)
2017-04-27 04:18:15.967  INFO 1287 --- [    Test worker] trationDelegate$BeanPostProcessorChecker : Bean 'cacheManagerCustomizers' of type [org.springframework.boot.autoconfigure.cache.CacheManagerCustomizers] is not eligible for getting processed by all BeanPostProcessors (for example: not eligible for auto-proxying)
2017-04-27 04:18:15.972  INFO 1287 --- [    Test worker] trationDelegate$BeanPostProcessorChecker : Bean 'org.springframework.boot.autoconfigure.cache.SimpleCacheConfiguration' of type [org.springframework.boot.autoconfigure.cache.SimpleCacheConfiguration$$EnhancerBySpringCGLIB$$deacadde] is not eligible for getting processed by all BeanPostProcessors (for example: not eligible for auto-proxying)
2017-04-27 04:18:15.989  INFO 1287 --- [    Test worker] trationDelegate$BeanPostProcessorChecker : Bean 'cacheManager' of type [org.springframework.cache.concurrent.ConcurrentMapCacheManager] is not eligible for getting processed by all BeanPostProcessors (for example: not eligible for auto-proxying)
2017-04-27 04:18:15.990  INFO 1287 --- [    Test worker] trationDelegate$BeanPostProcessorChecker : Bean 'cacheAutoConfigurationValidator' of type [org.springframework.boot.autoconfigure.cache.CacheAutoConfiguration$CacheManagerValidator] is not eligible for getting processed by all BeanPostProcessors (for example: not eligible for auto-proxying)
2017-04-27 04:18:17.064  INFO 1287 --- [    Test worker] j.LocalContainerEntityManagerFactoryBean : Building JPA container EntityManagerFactory for persistence unit 'default'
2017-04-27 04:18:17.102  INFO 1287 --- [    Test worker] o.hibernate.jpa.internal.util.LogHelper  : HHH000204: Processing PersistenceUnitInfo [
	name: default
	...]
2017-04-27 04:18:17.226  INFO 1287 --- [    Test worker] org.hibernate.Version                    : HHH000412: Hibernate Core {5.0.12.Final}
2017-04-27 04:18:17.229  INFO 1287 --- [    Test worker] org.hibernate.cfg.Environment            : HHH000206: hibernate.properties not found
2017-04-27 04:18:17.232  INFO 1287 --- [    Test worker] org.hibernate.cfg.Environment            : HHH000021: Bytecode provider name : javassist
2017-04-27 04:18:17.298  INFO 1287 --- [    Test worker] o.hibernate.annotations.common.Version   : HCANN000001: Hibernate Commons Annotations {5.0.1.Final}
2017-04-27 04:18:17.586  INFO 1287 --- [    Test worker] org.hibernate.dialect.Dialect            : HHH000400: Using dialect: org.hibernate.dialect.H2Dialect
2017-04-27 04:18:18.307  INFO 1287 --- [    Test worker] org.hibernate.tool.hbm2ddl.SchemaExport  : HHH000227: Running hbm2ddl schema export
2017-04-27 04:18:18.344  INFO 1287 --- [    Test worker] org.hibernate.tool.hbm2ddl.SchemaExport  : HHH000230: Schema export complete
2017-04-27 04:18:18.395  INFO 1287 --- [    Test worker] j.LocalContainerEntityManagerFactoryBean : Initialized JPA EntityManagerFactory for persistence unit 'default'
2017-04-27 04:18:18.963  INFO 1287 --- [    Test worker] g.c.S.controllers.StarStoreController    : Criando os Serviços de apoio ao StarStoreController...
2017-04-27 04:18:20.088  INFO 1287 --- [    Test worker] s.w.s.m.m.a.RequestMappingHandlerAdapter : Looking for @ControllerAdvice: org.springframework.web.context.support.GenericWebApplicationContext@59e2b708: startup date [Thu Apr 27 04:18:13 BRT 2017]; root of context hierarchy
2017-04-27 04:18:20.242  INFO 1287 --- [    Test worker] s.w.s.m.m.a.RequestMappingHandlerMapping : Mapped "{[/starstore/product],methods=[POST]}" onto public org.springframework.http.ResponseEntity<?> glx.com.StarWarsStore.controllers.StarStoreController.addProduct(glx.com.StarWarsStore.entities.Product,org.springframework.validation.Errors)
2017-04-27 04:18:20.245  INFO 1287 --- [    Test worker] s.w.s.m.m.a.RequestMappingHandlerMapping : Mapped "{[/starstore/buy],methods=[POST]}" onto public org.springframework.http.ResponseEntity<?> glx.com.StarWarsStore.controllers.StarStoreController.addTransaction(glx.com.StarWarsStore.entities.Transaction,org.springframework.validation.Errors)
2017-04-27 04:18:20.245  INFO 1287 --- [    Test worker] s.w.s.m.m.a.RequestMappingHandlerMapping : Mapped "{[/starstore/product/{productId}],methods=[GET]}" onto public glx.com.StarWarsStore.entities.Product glx.com.StarWarsStore.controllers.StarStoreController.readProduct(java.lang.Long)
2017-04-27 04:18:20.246  INFO 1287 --- [    Test worker] s.w.s.m.m.a.RequestMappingHandlerMapping : Mapped "{[/starstore/products],methods=[GET]}" onto public java.util.List<glx.com.StarWarsStore.entities.Product> glx.com.StarWarsStore.controllers.StarStoreController.readProducts()
2017-04-27 04:18:20.247  INFO 1287 --- [    Test worker] s.w.s.m.m.a.RequestMappingHandlerMapping : Mapped "{[/starstore/history],methods=[GET]}" onto public java.util.List<glx.com.StarWarsStore.DTOs.HistoryDTO> glx.com.StarWarsStore.controllers.StarStoreController.readHistory()
2017-04-27 04:18:20.248  INFO 1287 --- [    Test worker] s.w.s.m.m.a.RequestMappingHandlerMapping : Mapped "{[/starstore/history/{clientId}],methods=[GET]}" onto public java.util.List<glx.com.StarWarsStore.DTOs.HistoryDTO> glx.com.StarWarsStore.controllers.StarStoreController.readHistoryClient(java.lang.String)
2017-04-27 04:18:20.249  INFO 1287 --- [    Test worker] s.w.s.m.m.a.RequestMappingHandlerMapping : Mapped "{[/starstore/cleanCacheProducts],methods=[HEAD]}" onto public org.springframework.http.HttpStatus glx.com.StarWarsStore.controllers.StarStoreController.refreshAllProductsCache()
2017-04-27 04:18:20.250  INFO 1287 --- [    Test worker] s.w.s.m.m.a.RequestMappingHandlerMapping : Mapped "{[/starstore/cleanCacheHistoryClient],methods=[HEAD]}" onto public org.springframework.http.HttpStatus glx.com.StarWarsStore.controllers.StarStoreController.refreshAllhistoryClienteCache()
2017-04-27 04:18:20.258  INFO 1287 --- [    Test worker] s.w.s.m.m.a.RequestMappingHandlerMapping : Mapped "{[/error]}" onto public org.springframework.http.ResponseEntity<java.util.Map<java.lang.String, java.lang.Object>> org.springframework.boot.autoconfigure.web.BasicErrorController.error(javax.servlet.http.HttpServletRequest)
2017-04-27 04:18:20.259  INFO 1287 --- [    Test worker] s.w.s.m.m.a.RequestMappingHandlerMapping : Mapped "{[/error],produces=[text/html]}" onto public org.springframework.web.servlet.ModelAndView org.springframework.boot.autoconfigure.web.BasicErrorController.errorHtml(javax.servlet.http.HttpServletRequest,javax.servlet.http.HttpServletResponse)
2017-04-27 04:18:20.322  INFO 1287 --- [    Test worker] o.s.w.s.handler.SimpleUrlHandlerMapping  : Mapped URL path [/webjars/**] onto handler of type [class org.springframework.web.servlet.resource.ResourceHttpRequestHandler]
2017-04-27 04:18:20.323  INFO 1287 --- [    Test worker] o.s.w.s.handler.SimpleUrlHandlerMapping  : Mapped URL path [/**] onto handler of type [class org.springframework.web.servlet.resource.ResourceHttpRequestHandler]
2017-04-27 04:18:20.398  INFO 1287 --- [    Test worker] o.s.w.s.handler.SimpleUrlHandlerMapping  : Mapped URL path [/**/favicon.ico] onto handler of type [class org.springframework.web.servlet.resource.ResourceHttpRequestHandler]
2017-04-27 04:18:21.017  INFO 1287 --- [    Test worker] s.a.ScheduledAnnotationBeanPostProcessor : No TaskScheduler/ScheduledExecutorService bean found for scheduled processing
2017-04-27 04:18:21.044  INFO 1287 --- [    Test worker] g.c.S.t.controllers.StarWarsStoreTest    : Started StarWarsStoreTest in 17.812 seconds (JVM running for 19.5)
2017-04-27 04:18:21.052  INFO 1287 --- [pool-2-thread-1] g.c.S.services.StarStoreService          : Limpando todo o cache de produtos..
2017-04-27 04:18:21.215  INFO 1287 --- [    Test worker] o.s.b.t.m.w.SpringBootMockServletContext : Initializing Spring FrameworkServlet ''
2017-04-27 04:18:21.216  INFO 1287 --- [    Test worker] o.s.t.web.servlet.TestDispatcherServlet  : FrameworkServlet '': initialization started
2017-04-27 04:18:21.243  INFO 1287 --- [    Test worker] o.s.t.web.servlet.TestDispatcherServlet  : FrameworkServlet '': initialization completed in 27 ms
2017-04-27 04:18:21.291  INFO 1287 --- [    Test worker] o.h.h.i.QueryTranslatorFactoryInitiator  : HHH000397: Using ASTQueryTranslatorFactory
2017-04-27 04:18:21.661  INFO 1287 --- [    Test worker] g.c.S.controllers.StarStoreController    : Iniciando a pesquisa por PRODUTOS DA LOJA...
2017-04-27 04:18:21.856  INFO 1287 --- [    Test worker] o.s.b.t.m.w.SpringBootMockServletContext : Initializing Spring FrameworkServlet ''
2017-04-27 04:18:21.857  INFO 1287 --- [    Test worker] o.s.t.web.servlet.TestDispatcherServlet  : FrameworkServlet '': initialization started
2017-04-27 04:18:21.862  INFO 1287 --- [    Test worker] o.s.t.web.servlet.TestDispatcherServlet  : FrameworkServlet '': initialization completed in 4 ms
2017-04-27 04:18:22.008  INFO 1287 --- [    Test worker] g.c.S.controllers.StarStoreController    : PRODUTO cadastrado com sucesso. ID do produto: 5
2017-04-27 04:18:22.023  INFO 1287 --- [    Test worker] o.s.b.t.m.w.SpringBootMockServletContext : Initializing Spring FrameworkServlet ''
2017-04-27 04:18:22.028  INFO 1287 --- [    Test worker] o.s.t.web.servlet.TestDispatcherServlet  : FrameworkServlet '': initialization started
2017-04-27 04:18:22.034  INFO 1287 --- [    Test worker] o.s.t.web.servlet.TestDispatcherServlet  : FrameworkServlet '': initialization completed in 4 ms
2017-04-27 04:18:22.116  INFO 1287 --- [    Test worker] g.c.S.controllers.StarStoreController    : Iniciando a pesquisa por HISTORICO DE COMPRAS DA LOJA...
2017-04-27 04:18:22.142  INFO 1287 --- [    Test worker] o.s.b.t.m.w.SpringBootMockServletContext : Initializing Spring FrameworkServlet ''
2017-04-27 04:18:22.143  INFO 1287 --- [    Test worker] o.s.t.web.servlet.TestDispatcherServlet  : FrameworkServlet '': initialization started
2017-04-27 04:18:22.148  INFO 1287 --- [    Test worker] o.s.t.web.servlet.TestDispatcherServlet  : FrameworkServlet '': initialization completed in 5 ms
2017-04-27 04:18:22.225  INFO 1287 --- [    Test worker] g.c.S.controllers.StarStoreController    : Transação realizada com sucesso.
2017-04-27 04:18:22.237  INFO 1287 --- [    Test worker] o.s.b.t.m.w.SpringBootMockServletContext : Initializing Spring FrameworkServlet ''
2017-04-27 04:18:22.239  INFO 1287 --- [    Test worker] o.s.t.web.servlet.TestDispatcherServlet  : FrameworkServlet '': initialization started
2017-04-27 04:18:22.244  INFO 1287 --- [    Test worker] o.s.t.web.servlet.TestDispatcherServlet  : FrameworkServlet '': initialization completed in 5 ms
2017-04-27 04:18:22.277  INFO 1287 --- [    Test worker] g.c.S.controllers.StarStoreController    : Iniciando a pesquisa por PRODUTOS DA LOJA...
]]></system-out>
  <system-err><![CDATA[]]></system-err>
</testsuite>
